TN:
SF:index.js
FN:14,(anonymous_0)
FN:38,(anonymous_1)
FN:47,(anonymous_2)
FN:53,(anonymous_3)
FN:66,(anonymous_4)
FNF:5
FNH:3
FNDA:4,(anonymous_0)
FNDA:1,(anonymous_1)
FNDA:0,(anonymous_2)
FNDA:1,(anonymous_3)
FNDA:0,(anonymous_4)
DA:1,1
DA:2,1
DA:3,1
DA:4,1
DA:5,1
DA:6,1
DA:7,1
DA:9,1
DA:11,1
DA:12,1
DA:14,1
DA:15,4
DA:19,4
DA:20,0
DA:21,0
DA:22,0
DA:25,4
DA:28,1
DA:32,1
DA:34,1
DA:35,0
DA:38,1
DA:39,1
DA:44,1
DA:46,1
DA:47,0
DA:48,0
DA:52,1
DA:53,1
DA:54,1
DA:57,1
DA:66,1
DA:67,0
DA:70,1
DA:72,1
LF:35
LH:28
BRDA:15,0,0,0
BRDA:15,0,1,4
BRDA:19,1,0,0
BRDA:19,1,1,4
BRDA:34,2,0,0
BRDA:34,2,1,1
BRDA:46,3,0,0
BRDA:46,3,1,1
BRDA:52,4,0,1
BRDA:52,4,1,1
BRDA:59,5,0,0
BRDA:59,5,1,1
BRF:12
BRH:7
end_of_record
TN:
SF:src/constants.js
FNF:0
FNH:0
DA:1,1
DA:2,1
DA:3,1
DA:4,1
DA:6,1
DA:7,1
DA:8,1
LF:7
LH:7
BRF:0
BRH:0
end_of_record
TN:
SF:src/routes.js
FNF:0
FNH:0
DA:1,1
DA:2,1
DA:3,1
DA:4,1
DA:5,1
DA:6,1
DA:9,1
DA:14,1
DA:18,1
DA:21,1
DA:24,1
DA:28,1
DA:31,1
DA:35,1
DA:38,1
DA:41,1
LF:16
LH:16
BRF:0
BRH:0
end_of_record
TN:
SF:src/controllers/authController.js
FN:12,validateEmail
FN:18,(anonymous_1)
FN:22,(anonymous_2)
FN:25,(anonymous_3)
FN:27,(anonymous_4)
FN:36,(anonymous_5)
FN:41,(anonymous_6)
FN:61,(anonymous_7)
FN:66,(anonymous_8)
FN:69,(anonymous_9)
FN:71,(anonymous_10)
FN:78,(anonymous_11)
FN:86,(anonymous_12)
FN:91,(anonymous_13)
FN:110,(anonymous_14)
FN:116,(anonymous_15)
FN:134,(anonymous_16)
FN:137,(anonymous_17)
FN:143,(anonymous_18)
FN:157,(anonymous_19)
FN:168,(anonymous_20)
FN:178,(anonymous_21)
FN:190,(anonymous_22)
FN:196,(anonymous_23)
FN:199,(anonymous_24)
FN:206,(anonymous_25)
FN:210,(anonymous_26)
FN:220,(anonymous_27)
FN:229,(anonymous_28)
FN:234,(anonymous_29)
FN:252,(anonymous_30)
FN:262,(anonymous_31)
FN:268,(anonymous_32)
FN:302,(anonymous_33)
FN:310,(anonymous_34)
FN:323,(anonymous_35)
FN:328,(anonymous_36)
FN:336,(anonymous_37)
FN:339,(anonymous_38)
FN:350,(anonymous_39)
FN:357,(anonymous_40)
FN:367,(anonymous_41)
FN:378,(anonymous_42)
FN:386,(anonymous_43)
FN:393,(anonymous_44)
FN:396,(anonymous_45)
FN:405,(anonymous_46)
FN:409,(anonymous_47)
FN:419,(anonymous_48)
FN:426,(anonymous_49)
FN:434,(anonymous_50)
FN:439,(anonymous_51)
FNF:52
FNH:0
FNDA:0,validateEmail
FNDA:0,(anonymous_1)
FNDA:0,(anonymous_2)
FNDA:0,(anonymous_3)
FNDA:0,(anonymous_4)
FNDA:0,(anonymous_5)
FNDA:0,(anonymous_6)
FNDA:0,(anonymous_7)
FNDA:0,(anonymous_8)
FNDA:0,(anonymous_9)
FNDA:0,(anonymous_10)
FNDA:0,(anonymous_11)
FNDA:0,(anonymous_12)
FNDA:0,(anonymous_13)
FNDA:0,(anonymous_14)
FNDA:0,(anonymous_15)
FNDA:0,(anonymous_16)
FNDA:0,(anonymous_17)
FNDA:0,(anonymous_18)
FNDA:0,(anonymous_19)
FNDA:0,(anonymous_20)
FNDA:0,(anonymous_21)
FNDA:0,(anonymous_22)
FNDA:0,(anonymous_23)
FNDA:0,(anonymous_24)
FNDA:0,(anonymous_25)
FNDA:0,(anonymous_26)
FNDA:0,(anonymous_27)
FNDA:0,(anonymous_28)
FNDA:0,(anonymous_29)
FNDA:0,(anonymous_30)
FNDA:0,(anonymous_31)
FNDA:0,(anonymous_32)
FNDA:0,(anonymous_33)
FNDA:0,(anonymous_34)
FNDA:0,(anonymous_35)
FNDA:0,(anonymous_36)
FNDA:0,(anonymous_37)
FNDA:0,(anonymous_38)
FNDA:0,(anonymous_39)
FNDA:0,(anonymous_40)
FNDA:0,(anonymous_41)
FNDA:0,(anonymous_42)
FNDA:0,(anonymous_43)
FNDA:0,(anonymous_44)
FNDA:0,(anonymous_45)
FNDA:0,(anonymous_46)
FNDA:0,(anonymous_47)
FNDA:0,(anonymous_48)
FNDA:0,(anonymous_49)
FNDA:0,(anonymous_50)
FNDA:0,(anonymous_51)
DA:1,1
DA:2,1
DA:3,1
DA:5,1
DA:6,1
DA:7,1
DA:8,1
DA:10,1
DA:13,0
DA:14,0
DA:18,1
DA:19,0
DA:20,0
DA:22,0
DA:23,0
DA:26,0
DA:27,0
DA:28,0
DA:29,0
DA:33,0
DA:34,0
DA:37,0
DA:42,0
DA:47,0
DA:53,0
DA:61,1
DA:62,0
DA:63,0
DA:64,0
DA:66,0
DA:67,0
DA:70,0
DA:71,0
DA:72,0
DA:73,0
DA:77,0
DA:78,0
DA:79,0
DA:80,0
DA:84,0
DA:85,0
DA:87,0
DA:92,0
DA:99,0
DA:105,0
DA:111,0
DA:116,1
DA:117,0
DA:118,0
DA:119,0
DA:122,0
DA:123,0
DA:128,0
DA:129,0
DA:134,0
DA:135,0
DA:138,0
DA:139,0
DA:143,0
DA:144,0
DA:145,0
DA:150,0
DA:155,0
DA:158,0
DA:163,0
DA:167,0
DA:169,0
DA:170,0
DA:173,0
DA:174,0
DA:179,0
DA:190,1
DA:191,0
DA:192,0
DA:194,0
DA:197,0
DA:200,0
DA:202,0
DA:204,0
DA:208,0
DA:211,0
DA:216,0
DA:217,0
DA:221,0
DA:227,0
DA:230,0
DA:235,0
DA:241,0
DA:246,0
DA:252,1
DA:253,0
DA:254,0
DA:255,0
DA:256,0
DA:260,0
DA:263,0
DA:264,0
DA:268,0
DA:269,0
DA:270,0
DA:274,0
DA:275,0
DA:285,0
DA:291,0
DA:292,0
DA:296,0
DA:303,0
DA:310,1
DA:311,0
DA:313,0
DA:314,0
DA:319,0
DA:322,0
DA:324,0
DA:329,0
DA:336,1
DA:337,0
DA:339,0
DA:342,0
DA:343,0
DA:348,0
DA:351,0
DA:352,0
DA:356,0
DA:358,0
DA:359,0
DA:362,0
DA:363,0
DA:368,0
DA:373,0
DA:379,0
DA:386,1
DA:387,0
DA:388,0
DA:389,0
DA:391,0
DA:394,0
DA:397,0
DA:402,0
DA:403,0
DA:407,0
DA:410,0
DA:415,0
DA:416,0
DA:420,0
DA:426,0
DA:427,0
DA:428,0
DA:432,0
DA:433,0
DA:435,0
DA:440,0
DA:447,0
LF:153
LH:16
BRDA:26,0,0,0
BRDA:26,0,1,0
BRDA:28,1,0,0
BRDA:28,1,1,0
BRDA:33,2,0,0
BRDA:33,2,1,0
BRDA:70,3,0,0
BRDA:70,3,1,0
BRDA:72,4,0,0
BRDA:72,4,1,0
BRDA:77,5,0,0
BRDA:77,5,1,0
BRDA:79,6,0,0
BRDA:79,6,1,0
BRDA:122,7,0,0
BRDA:122,7,1,0
BRDA:122,8,0,0
BRDA:122,8,1,0
BRDA:122,8,2,0
BRDA:128,9,0,0
BRDA:128,9,1,0
BRDA:138,10,0,0
BRDA:138,10,1,0
BRDA:144,11,0,0
BRDA:144,11,1,0
BRDA:170,12,0,0
BRDA:170,12,1,0
BRDA:202,13,0,0
BRDA:202,13,1,0
BRDA:216,14,0,0
BRDA:216,14,1,0
BRDA:255,15,0,0
BRDA:255,15,1,0
BRDA:255,16,0,0
BRDA:255,16,1,0
BRDA:263,17,0,0
BRDA:263,17,1,0
BRDA:269,18,0,0
BRDA:269,18,1,0
BRDA:274,19,0,0
BRDA:274,19,1,0
BRDA:274,20,0,0
BRDA:274,20,1,0
BRDA:291,21,0,0
BRDA:291,21,1,0
BRDA:313,22,0,0
BRDA:313,22,1,0
BRDA:342,23,0,0
BRDA:342,23,1,0
BRDA:351,24,0,0
BRDA:351,24,1,0
BRDA:359,25,0,0
BRDA:359,25,1,0
BRDA:402,26,0,0
BRDA:402,26,1,0
BRDA:415,27,0,0
BRDA:415,27,1,0
BRDA:427,28,0,0
BRDA:427,28,1,0
BRF:59
BRH:0
end_of_record
TN:
SF:src/controllers/codingQuestionsController.js
FN:2,(anonymous_0)
FN:6,(anonymous_1)
FN:12,(anonymous_2)
FN:19,(anonymous_3)
FN:25,(anonymous_4)
FN:31,(anonymous_5)
FN:38,(anonymous_6)
FN:40,(anonymous_7)
FNF:8
FNH:0
FNDA:0,(anonymous_0)
FNDA:0,(anonymous_1)
FNDA:0,(anonymous_2)
FNDA:0,(anonymous_3)
FNDA:0,(anonymous_4)
FNDA:0,(anonymous_5)
FNDA:0,(anonymous_6)
FNDA:0,(anonymous_7)
DA:1,1
DA:2,1
DA:3,0
DA:7,0
DA:13,0
DA:19,1
DA:20,0
DA:21,0
DA:26,0
DA:32,0
DA:38,1
DA:39,0
DA:40,0
DA:41,0
LF:14
LH:4
BRF:0
BRH:0
end_of_record
TN:
SF:src/controllers/interviewQuestionsController.js
FN:3,(anonymous_0)
FN:6,(anonymous_1)
FN:12,(anonymous_2)
FN:21,(anonymous_3)
FN:33,(anonymous_4)
FN:42,(anonymous_5)
FNF:6
FNH:0
FNDA:0,(anonymous_0)
FNDA:0,(anonymous_1)
FNDA:0,(anonymous_2)
FNDA:0,(anonymous_3)
FNDA:0,(anonymous_4)
FNDA:0,(anonymous_5)
DA:1,1
DA:3,1
DA:4,0
DA:7,0
DA:13,0
DA:21,1
DA:22,0
DA:24,0
DA:25,0
DA:31,0
DA:34,0
DA:35,0
DA:39,0
DA:40,0
DA:43,0
LF:15
LH:3
BRDA:24,0,0,0
BRDA:24,0,1,0
BRDA:34,1,0,0
BRDA:34,1,1,0
BRF:4
BRH:0
end_of_record
TN:
SF:src/controllers/socketController.js
FN:8,addWaitingUser
FN:13,removeWaitingUser
FN:19,randSelectInterviewer
FN:27,(anonymous_3)
FN:29,(anonymous_4)
FN:52,setOngoingSession
FN:53,(anonymous_6)
FN:60,unsetOngoingSession
FN:61,(anonymous_8)
FN:68,setCodingRoom
FN:69,(anonymous_10)
FN:76,unsetCodingRoom
FN:77,(anonymous_12)
FN:84,getUserBySocket
FN:87,(anonymous_14)
FN:90,getCodingQuestionIdx
FN:101,(anonymous_16)
FN:102,(anonymous_17)
FN:107,(anonymous_18)
FN:146,(anonymous_19)
FN:152,(anonymous_20)
FN:157,(anonymous_21)
FN:161,(anonymous_22)
FN:165,(anonymous_23)
FN:167,(anonymous_24)
FN:171,(anonymous_25)
FN:173,(anonymous_26)
FN:183,handleSocketDisconnectWhenMatching
FN:188,handleSocketDisconnectWhenCoding
FN:200,getTimeNow
FN:204,sendChat
FNF:31
FNH:2
FNDA:0,addWaitingUser
FNDA:0,removeWaitingUser
FNDA:0,randSelectInterviewer
FNDA:3,(anonymous_3)
FNDA:3,(anonymous_4)
FNDA:0,setOngoingSession
FNDA:0,(anonymous_6)
FNDA:0,unsetOngoingSession
FNDA:0,(anonymous_8)
FNDA:0,setCodingRoom
FNDA:0,(anonymous_10)
FNDA:0,unsetCodingRoom
FNDA:0,(anonymous_12)
FNDA:0,getUserBySocket
FNDA:0,(anonymous_14)
FNDA:0,getCodingQuestionIdx
FNDA:0,(anonymous_16)
FNDA:0,(anonymous_17)
FNDA:0,(anonymous_18)
FNDA:0,(anonymous_19)
FNDA:0,(anonymous_20)
FNDA:0,(anonymous_21)
FNDA:0,(anonymous_22)
FNDA:0,(anonymous_23)
FNDA:0,(anonymous_24)
FNDA:0,(anonymous_25)
FNDA:0,(anonymous_26)
FNDA:0,handleSocketDisconnectWhenMatching
FNDA:0,handleSocketDisconnectWhenCoding
FNDA:0,getTimeNow
FNDA:0,sendChat
DA:1,1
DA:2,1
DA:3,1
DA:5,1
DA:6,1
DA:9,0
DA:10,0
DA:14,0
DA:15,0
DA:16,0
DA:20,0
DA:21,0
DA:22,0
DA:24,0
DA:27,1
DA:28,3
DA:29,3
DA:30,3
DA:31,0
DA:34,0
DA:37,3
DA:38,1
DA:41,1
DA:44,2
DA:45,2
DA:53,0
DA:54,0
DA:55,0
DA:61,0
DA:62,0
DA:63,0
DA:69,0
DA:70,0
DA:71,0
DA:77,0
DA:78,0
DA:79,0
DA:85,0
DA:87,0
DA:91,0
DA:92,0
DA:94,0
DA:95,0
DA:96,0
DA:98,0
DA:101,1
DA:102,0
DA:103,0
DA:104,0
DA:107,0
DA:108,0
DA:110,0
DA:111,0
DA:112,0
DA:113,0
DA:116,0
DA:117,0
DA:119,0
DA:120,0
DA:122,0
DA:123,0
DA:125,0
DA:127,0
DA:128,0
DA:129,0
DA:130,0
DA:133,0
DA:134,0
DA:140,0
DA:141,0
DA:142,0
DA:143,0
DA:146,0
DA:147,0
DA:148,0
DA:149,0
DA:152,0
DA:153,0
DA:154,0
DA:157,0
DA:158,0
DA:161,0
DA:162,0
DA:165,0
DA:167,0
DA:168,0
DA:171,0
DA:173,0
DA:174,0
DA:175,0
DA:177,0
DA:179,0
DA:184,0
DA:185,0
DA:189,0
DA:190,0
DA:191,0
DA:197,0
DA:201,0
DA:205,0
DA:206,0
DA:208,0
LF:102
LH:15
BRDA:21,0,0,0
BRDA:21,0,1,0
BRDA:30,1,0,0
BRDA:30,1,1,3
BRDA:37,2,0,1
BRDA:37,2,1,2
BRDA:54,3,0,0
BRDA:54,3,1,0
BRDA:62,4,0,0
BRDA:62,4,1,0
BRDA:70,5,0,0
BRDA:70,5,1,0
BRDA:78,6,0,0
BRDA:78,6,1,0
BRDA:110,7,0,0
BRDA:110,7,1,0
BRDA:117,8,0,0
BRDA:117,8,1,0
BRDA:117,8,2,0
BRDA:174,9,0,0
BRDA:174,9,1,0
BRDA:205,10,0,0
BRDA:205,10,1,0
BRDA:205,11,0,0
BRDA:205,11,1,0
BRF:25
BRH:3
end_of_record
TN:
SF:src/models/blacklistToken.js
FNF:0
FNH:0
DA:1,1
DA:2,1
DA:4,1
DA:16,1
DA:18,1
LF:5
LH:5
BRF:0
BRH:0
end_of_record
TN:
SF:src/models/codingQuestion.js
FNF:0
FNH:0
DA:1,1
DA:2,1
DA:4,1
DA:28,1
LF:4
LH:4
BRF:0
BRH:0
end_of_record
TN:
SF:src/models/interviewQuestion.js
FNF:0
FNH:0
DA:1,1
DA:2,1
DA:4,1
DA:12,1
LF:4
LH:4
BRF:0
BRH:0
end_of_record
TN:
SF:src/models/userToken.js
FNF:0
FNH:0
DA:1,1
DA:2,1
DA:4,1
DA:16,1
DA:18,1
LF:5
LH:5
BRF:0
BRH:0
end_of_record
TN:
SF:src/models/users.js
FNF:0
FNH:0
DA:1,1
DA:2,1
DA:4,1
DA:33,1
LF:4
LH:4
BRF:0
BRH:0
end_of_record
TN:
SF:src/utils/checkAuth.js
FN:4,(anonymous_0)
FN:10,(anonymous_1)
FN:21,(anonymous_2)
FNF:3
FNH:0
FNDA:0,(anonymous_0)
FNDA:0,(anonymous_1)
FNDA:0,(anonymous_2)
DA:1,1
DA:2,1
DA:4,1
DA:5,0
DA:6,0
DA:7,0
DA:8,0
DA:11,0
DA:12,0
DA:16,0
DA:22,0
DA:25,0
LF:12
LH:3
BRDA:11,0,0,0
BRDA:11,0,1,0
BRF:2
BRH:0
end_of_record
TN:
SF:src/utils/email.js
FN:3,(anonymous_0)
FN:20,(anonymous_1)
FN:23,(anonymous_2)
FNF:3
FNH:0
FNDA:0,(anonymous_0)
FNDA:0,(anonymous_1)
FNDA:0,(anonymous_2)
DA:1,1
DA:3,1
DA:4,0
DA:5,0
DA:15,0
DA:21,0
DA:24,0
DA:27,0
DA:28,0
DA:32,1
LF:10
LH:3
BRF:0
BRH:0
end_of_record
